<?xml version="1.0" encoding="UTF-8"?>
<!-- Generated by org.testng.reporters.JUnitReportReporter -->
<testsuite hostname="DESKTOP-MAHESH-TL" failures="0" tests="1" name="Testcases3.Tc3" time="40.265" errors="0" timestamp="2024-12-12T17:13:43 IST" skipped="0">
  <testcase classname="Testcases3.Tc3" name="Testcase1" time="40.265"/>
  <system-out/>
</testsuite> <!-- Testcases3.Tc3 -->
