<?xml version="1.0" encoding="UTF-8"?>
<!-- Generated by org.testng.reporters.JUnitReportReporter -->
<testsuite hostname="DESKTOP-MAHESH-TL" failures="0" tests="1" name="Testcases3.tc4" time="3.057" errors="0" timestamp="2024-12-12T18:04:25 IST" skipped="0">
  <testcase classname="Testcases3.tc4" name="login" time="3.057"/>
  <system-out/>
</testsuite> <!-- Testcases3.tc4 -->
